<?xml version="1.0" encoding="UTF-8"?>
<!-- Generated by org.testng.reporters.JUnitReportReporter -->
<testsuite skipped="0" hostname="WGP9T10J095NAFZ" name="doooly.testcase.test" tests="3" failures="0" timestamp="18 五月 2018 07:07:55 GMT" time="0.143" errors="0">
  <testcase name="getBeijing_Succ" time="0.116" classname="doooly.testcase.test"/>
  <testcase name="getSheZhen_Succ" time="0.013" classname="doooly.testcase.test"/>
  <testcase name="getShangHai_Succ" time="0.014" classname="doooly.testcase.test"/>
</testsuite> <!-- doooly.testcase.test -->
